
> pkg-components@1.8.3 build-storybook
> storybook build --output-dir C:\Users\ODALIS~1\AppData\Local\Temp\chromatic--2792-3KeZ4zc68GYm

@storybook/cli v7.6.14

info => Cleaning outputDir: C:\Users\ODALIS~1\AppData\Local\Temp\chromatic--2792-3KeZ4zc68GYm
[33mThe CJS build of Vite's Node API is deprecated. See https://vitejs.dev/guide/troubleshooting.html#vite-cjs-node-api-deprecated for more details.[39m
info => Loading presets
info => Building manager..
info => Manager built (486 ms)
info => Building preview..
info => Copying static files: C:\Users\Odalis Valencia\Desktop\pkg-initial\node_modules\@storybook\manager\static at C:\Users\ODALIS~1\AppData\Local\Temp\chromatic--2792-3KeZ4zc68GYm\sb-common-assets
[36mvite v5.1.1 [32mbuilding for production...[36m[39m

./sb-common-assets/fonts.css doesn't exist at build time, it will remain unchanged to be resolved at runtime
transforming...
[1m[33m[plugin:vite:esbuild][39m[22m [33m[33mThe "??" operator here will always return the left operand[33m
220|                      <h3 className='title_card'>{extra.extraName}</h3>
221|                      <h3
222|                        className={`price ${!contentPrice ?? 'price'}`}
   |                                                          ^
223|                      >
224|                        {' '}
[39m
node_modules/telejson/dist/index.mjs (1413:15) Use of eval in "node_modules/telejson/dist/index.mjs" is strongly discouraged as it poses security risks and may cause issues with minification.
node_modules/telejson/dist/index.mjs (1416:18) Use of eval in "node_modules/telejson/dist/index.mjs" is strongly discouraged as it poses security risks and may cause issues with minification.
[32m✓[39m 2389 modules transformed.
rendering chunks...
computing gzip size...
[2m../../../ODALIS~1/AppData/Local/Temp/chromatic--2792-3KeZ4zc68GYm/[22m[32miframe.html                                                 [39m[1m[2m   12.60 kB[22m[1m[22m[2m │ gzip:   3.57 kB[22m
[2m../../../ODALIS~1/AppData/Local/Temp/chromatic--2792-3KeZ4zc68GYm/[22m[32massets/Phone-DrnXkqF1.png                                   [39m[1m[2m   22.61 kB[22m[1m[22m
[2m../../../ODALIS~1/AppData/Local/Temp/chromatic--2792-3KeZ4zc68GYm/[22m[32massets/RCTextos-Light-Dvx9cZdx.woff2                        [39m[1m[2m   27.86 kB[22m[1m[22m
[2m../../../ODALIS~1/AppData/Local/Temp/chromatic--2792-3KeZ4zc68GYm/[22m[32massets/asistant_hand-fgFWE_aL.png                           [39m[1m[2m   30.13 kB[22m[1m[22m
[2m../../../ODALIS~1/AppData/Local/Temp/chromatic--2792-3KeZ4zc68GYm/[22m[32massets/background_onboarding-DhlMl-Gt.webp                  [39m[1m[2m   39.03 kB[22m[1m[22m
[2m../../../ODALIS~1/AppData/Local/Temp/chromatic--2792-3KeZ4zc68GYm/[22m[32massets/sales-Da-fq41D.webp                                  [39m[1m[2m   42.15 kB[22m[1m[22m
[2m../../../ODALIS~1/AppData/Local/Temp/chromatic--2792-3KeZ4zc68GYm/[22m[32massets/Poppins-Bold-B5ijbvYk.ttf                            [39m[1m[2m  153.90 kB[22m[1m[22m
[2m../../../ODALIS~1/AppData/Local/Temp/chromatic--2792-3KeZ4zc68GYm/[22m[32massets/Poppins-Medium-DwAlJ_UI.ttf                          [39m[1m[2m  156.48 kB[22m[1m[22m
[2m../../../ODALIS~1/AppData/Local/Temp/chromatic--2792-3KeZ4zc68GYm/[22m[32massets/Poppins-Light-ChBmluwM.ttf                           [39m[1m[2m  159.85 kB[22m[1m[22m
[2m../../../ODALIS~1/AppData/Local/Temp/chromatic--2792-3KeZ4zc68GYm/[22m[32massets/DEFAULTBANNER-BLOlydtZ.png                           [39m[1m[2m  199.82 kB[22m[1m[22m
[2m../../../ODALIS~1/AppData/Local/Temp/chromatic--2792-3KeZ4zc68GYm/[22m[32massets/asistant-muAQ4YKH.png                                [39m[1m[2m  883.29 kB[22m[1m[22m
[2m../../../ODALIS~1/AppData/Local/Temp/chromatic--2792-3KeZ4zc68GYm/[22m[35massets/index-DiJsUfBR.css                                   [39m[1m[2m    0.03 kB[22m[1m[22m[2m │ gzip:   0.05 kB[22m
[2m../../../ODALIS~1/AppData/Local/Temp/chromatic--2792-3KeZ4zc68GYm/[22m[35massets/Pagination-Dd8TU2OU.css                              [39m[1m[2m    0.27 kB[22m[1m[22m[2m │ gzip:   0.19 kB[22m
[2m../../../ODALIS~1/AppData/Local/Temp/chromatic--2792-3KeZ4zc68GYm/[22m[35massets/index-Crjfhd6T.css                                   [39m[1m[2m    0.28 kB[22m[1m[22m[2m │ gzip:   0.20 kB[22m
[2m../../../ODALIS~1/AppData/Local/Temp/chromatic--2792-3KeZ4zc68GYm/[22m[35massets/index-B6-QVrb9.css                                   [39m[1m[2m    0.29 kB[22m[1m[22m[2m │ gzip:   0.21 kB[22m
[2m../../../ODALIS~1/AppData/Local/Temp/chromatic--2792-3KeZ4zc68GYm/[22m[35massets/index-DrXul-r5.css                                   [39m[1m[2m    0.32 kB[22m[1m[22m[2m │ gzip:   0.23 kB[22m
[2m../../../ODALIS~1/AppData/Local/Temp/chromatic--2792-3KeZ4zc68GYm/[22m[35massets/index-Qg_vIzXd.css                                   [39m[1m[2m    0.36 kB[22m[1m[22m[2m │ gzip:   0.21 kB[22m
[2m../../../ODALIS~1/AppData/Local/Temp/chromatic--2792-3KeZ4zc68GYm/[22m[35massets/index-C2FJsHHu.css                                   [39m[1m[2m    0.39 kB[22m[1m[22m[2m │ gzip:   0.26 kB[22m
[2m../../../ODALIS~1/AppData/Local/Temp/chromatic--2792-3KeZ4zc68GYm/[22m[35massets/index-DzZvXFfJ.css                                   [39m[1m[2m    0.43 kB[22m[1m[22m[2m │ gzip:   0.28 kB[22m
[2m../../../ODALIS~1/AppData/Local/Temp/chromatic--2792-3KeZ4zc68GYm/[22m[35massets/TermsAndCondition-CRfCKodT.css                       [39m[1m[2m    0.43 kB[22m[1m[22m[2m │ gzip:   0.25 kB[22m
[2m../../../ODALIS~1/AppData/Local/Temp/chromatic--2792-3KeZ4zc68GYm/[22m[35massets/index-Bl9Kaiaj.css                                   [39m[1m[2m    0.46 kB[22m[1m[22m[2m │ gzip:   0.32 kB[22m
[2m../../../ODALIS~1/AppData/Local/Temp/chromatic--2792-3KeZ4zc68GYm/[22m[35massets/index-DyKnxs1s.css                                   [39m[1m[2m    0.49 kB[22m[1m[22m[2m │ gzip:   0.28 kB[22m
[2m../../../ODALIS~1/AppData/Local/Temp/chromatic--2792-3KeZ4zc68GYm/[22m[35massets/Carrusel3d-BxeuP4IP.css                              [39m[1m[2m    0.51 kB[22m[1m[22m[2m │ gzip:   0.30 kB[22m
[2m../../../ODALIS~1/AppData/Local/Temp/chromatic--2792-3KeZ4zc68GYm/[22m[35massets/TeamRegister-0OGbPqwm.css                            [39m[1m[2m    0.61 kB[22m[1m[22m[2m │ gzip:   0.29 kB[22m
[2m../../../ODALIS~1/AppData/Local/Temp/chromatic--2792-3KeZ4zc68GYm/[22m[35massets/index-DxaFCdMl.css                                   [39m[1m[2m    0.63 kB[22m[1m[22m[2m │ gzip:   0.35 kB[22m
[2m../../../ODALIS~1/AppData/Local/Temp/chromatic--2792-3KeZ4zc68GYm/[22m[35massets/index-0Wk-Bn2s.css                                   [39m[1m[2m    0.64 kB[22m[1m[22m[2m │ gzip:   0.34 kB[22m
[2m../../../ODALIS~1/AppData/Local/Temp/chromatic--2792-3KeZ4zc68GYm/[22m[35massets/index-CcLbHOCm.css                                   [39m[1m[2m    0.80 kB[22m[1m[22m[2m │ gzip:   0.43 kB[22m
[2m../../../ODALIS~1/AppData/Local/Temp/chromatic--2792-3KeZ4zc68GYm/[22m[35massets/index-sognAaNV.css                                   [39m[1m[2m    0.84 kB[22m[1m[22m[2m │ gzip:   0.43 kB[22m
[2m../../../ODALIS~1/AppData/Local/Temp/chromatic--2792-3KeZ4zc68GYm/[22m[35massets/index-DXswhCbP.css                                   [39m[1m[2m    0.96 kB[22m[1m[22m[2m │ gzip:   0.48 kB[22m
[2m../../../ODALIS~1/AppData/Local/Temp/chromatic--2792-3KeZ4zc68GYm/[22m[35massets/index-DVzv1wbJ.css                                   [39m[1m[2m    0.97 kB[22m[1m[22m[2m │ gzip:   0.49 kB[22m
[2m../../../ODALIS~1/AppData/Local/Temp/chromatic--2792-3KeZ4zc68GYm/[22m[35massets/index-Co17Oc3n.css                                   [39m[1m[2m    0.99 kB[22m[1m[22m[2m │ gzip:   0.51 kB[22m
[2m../../../ODALIS~1/AppData/Local/Temp/chromatic--2792-3KeZ4zc68GYm/[22m[35massets/index-BdzySCe4.css                                   [39m[1m[2m    1.02 kB[22m[1m[22m[2m │ gzip:   0.41 kB[22m
[2m../../../ODALIS~1/AppData/Local/Temp/chromatic--2792-3KeZ4zc68GYm/[22m[35massets/index-BmPin2el.css                                   [39m[1m[2m    1.03 kB[22m[1m[22m[2m │ gzip:   0.32 kB[22m
[2m../../../ODALIS~1/AppData/Local/Temp/chromatic--2792-3KeZ4zc68GYm/[22m[35massets/index-Bu_b4IIe.css                                   [39m[1m[2m    1.09 kB[22m[1m[22m[2m │ gzip:   0.46 kB[22m
[2m../../../ODALIS~1/AppData/Local/Temp/chromatic--2792-3KeZ4zc68GYm/[22m[35massets/index-B0ozR3Ay.css                                   [39m[1m[2m    1.09 kB[22m[1m[22m[2m │ gzip:   0.50 kB[22m
[2m../../../ODALIS~1/AppData/Local/Temp/chromatic--2792-3KeZ4zc68GYm/[22m[35massets/SignedContract-CWBCDkea.css                          [39m[1m[2m    1.18 kB[22m[1m[22m[2m │ gzip:   0.51 kB[22m
[2m../../../ODALIS~1/AppData/Local/Temp/chromatic--2792-3KeZ4zc68GYm/[22m[35massets/index-ynR3A6N0.css                                   [39m[1m[2m    1.21 kB[22m[1m[22m[2m │ gzip:   0.56 kB[22m
[2m../../../ODALIS~1/AppData/Local/Temp/chromatic--2792-3KeZ4zc68GYm/[22m[35massets/Home-BZZV2JXZ.css                                    [39m[1m[2m    1.40 kB[22m[1m[22m[2m │ gzip:   0.59 kB[22m
[2m../../../ODALIS~1/AppData/Local/Temp/chromatic--2792-3KeZ4zc68GYm/[22m[35massets/CreditApplication-BbtYtVjK.css                       [39m[1m[2m    1.44 kB[22m[1m[22m[2m │ gzip:   0.59 kB[22m
[2m../../../ODALIS~1/AppData/Local/Temp/chromatic--2792-3KeZ4zc68GYm/[22m[35massets/index-BnUgg93o.css                                   [39m[1m[2m    1.65 kB[22m[1m[22m[2m │ gzip:   0.61 kB[22m
[2m../../../ODALIS~1/AppData/Local/Temp/chromatic--2792-3KeZ4zc68GYm/[22m[35massets/index-BByZKdD4.css                                   [39m[1m[2m    1.90 kB[22m[1m[22m[2m │ gzip:   0.68 kB[22m
[2m../../../ODALIS~1/AppData/Local/Temp/chromatic--2792-3KeZ4zc68GYm/[22m[35massets/index-DJ1mMjEd.css                                   [39m[1m[2m    2.73 kB[22m[1m[22m[2m │ gzip:   0.85 kB[22m
[2m../../../ODALIS~1/AppData/Local/Temp/chromatic--2792-3KeZ4zc68GYm/[22m[35massets/index-DxC9KPDi.css                                   [39m[1m[2m    2.93 kB[22m[1m[22m[2m │ gzip:   0.68 kB[22m
[2m../../../ODALIS~1/AppData/Local/Temp/chromatic--2792-3KeZ4zc68GYm/[22m[35massets/index-CFD_95Yc.css                                   [39m[1m[2m    3.58 kB[22m[1m[22m[2m │ gzip:   1.17 kB[22m
[2m../../../ODALIS~1/AppData/Local/Temp/chromatic--2792-3KeZ4zc68GYm/[22m[35massets/index-03aq9Pbg.css                                   [39m[1m[2m    3.91 kB[22m[1m[22m[2m │ gzip:   1.31 kB[22m
[2m../../../ODALIS~1/AppData/Local/Temp/chromatic--2792-3KeZ4zc68GYm/[22m[35massets/index-BBJiY9GV.css                                   [39m[1m[2m    5.35 kB[22m[1m[22m[2m │ gzip:   1.19 kB[22m
[2m../../../ODALIS~1/AppData/Local/Temp/chromatic--2792-3KeZ4zc68GYm/[22m[35massets/preview-rOzmATE4.css                                 [39m[1m[2m   21.18 kB[22m[1m[22m[2m │ gzip:   6.08 kB[22m
[2m../../../ODALIS~1/AppData/Local/Temp/chromatic--2792-3KeZ4zc68GYm/[22m[36massets/asistant-ClWmY-zb.js                                 [39m[1m[2m    0.08 kB[22m[1m[22m[2m │ gzip:   0.10 kB[22m
[2m../../../ODALIS~1/AppData/Local/Temp/chromatic--2792-3KeZ4zc68GYm/[22m[36massets/_interop_require_default-DgqNHo5w.js                 [39m[1m[2m    0.14 kB[22m[1m[22m[2m │ gzip:   0.14 kB[22m
[2m../../../ODALIS~1/AppData/Local/Temp/chromatic--2792-3KeZ4zc68GYm/[22m[36massets/___vite-browser-external_commonjs-proxy-BqV5D26a.js  [39m[1m[2m    0.19 kB[22m[1m[22m[2m │ gzip:   0.18 kB[22m
[2m../../../ODALIS~1/AppData/Local/Temp/chromatic--2792-3KeZ4zc68GYm/[22m[36massets/router-context-1OOWBe6R.js                           [39m[1m[2m    0.28 kB[22m[1m[22m[2m │ gzip:   0.22 kB[22m
[2m../../../ODALIS~1/AppData/Local/Temp/chromatic--2792-3KeZ4zc68GYm/[22m[36massets/preview-Pu92l1d3.js                                  [39m[1m[2m    0.34 kB[22m[1m[22m[2m │ gzip:   0.27 kB[22m
[2m../../../ODALIS~1/AppData/Local/Temp/chromatic--2792-3KeZ4zc68GYm/[22m[36massets/index-C0xy3xo5.js                                    [39m[1m[2m    0.37 kB[22m[1m[22m[2m │ gzip:   0.27 kB[22m
[2m../../../ODALIS~1/AppData/Local/Temp/chromatic--2792-3KeZ4zc68GYm/[22m[36massets/ButtonContent-BW4_E53A.js                            [39m[1m[2m    0.40 kB[22m[1m[22m[2m │ gzip:   0.29 kB[22m
[2m../../../ODALIS~1/AppData/Local/Temp/chromatic--2792-3KeZ4zc68GYm/[22m[36massets/index-DH2uhswi.js                                    [39m[1m[2m    0.49 kB[22m[1m[22m[2m │ gzip:   0.33 kB[22m
[2m../../../ODALIS~1/AppData/Local/Temp/chromatic--2792-3KeZ4zc68GYm/[22m[36massets/index-BINBIgVg.js                                    [39m[1m[2m    0.50 kB[22m[1m[22m[2m │ gzip:   0.31 kB[22m
[2m../../../ODALIS~1/AppData/Local/Temp/chromatic--2792-3KeZ4zc68GYm/[22m[36massets/WithTooltip-V3YHNWJZ-CJToKRp8.js                     [39m[1m[2m    0.50 kB[22m[1m[22m[2m │ gzip:   0.30 kB[22m
[2m../../../ODALIS~1/AppData/Local/Temp/chromatic--2792-3KeZ4zc68GYm/[22m[36massets/syntaxhighlighter-V7JZZA35-CI6s62qn.js               [39m[1m[2m    0.51 kB[22m[1m[22m[2m │ gzip:   0.32 kB[22m
[2m../../../ODALIS~1/AppData/Local/Temp/chromatic--2792-3KeZ4zc68GYm/[22m[36massets/index-Ck7iXuwZ.js                                    [39m[1m[2m    0.54 kB[22m[1m[22m[2m │ gzip:   0.38 kB[22m
[2m../../../ODALIS~1/AppData/Local/Temp/chromatic--2792-3KeZ4zc68GYm/[22m[36massets/index-VwOBB5Od.js                                    [39m[1m[2m    0.54 kB[22m[1m[22m[2m │ gzip:   0.34 kB[22m
[2m../../../ODALIS~1/AppData/Local/Temp/chromatic--2792-3KeZ4zc68GYm/[22m[36massets/Tag.stories-COJNV4S4.js                              [39m[1m[2m    0.54 kB[22m[1m[22m[2m │ gzip:   0.35 kB[22m
[2m../../../ODALIS~1/AppData/Local/Temp/chromatic--2792-3KeZ4zc68GYm/[22m[36massets/react-18-CE0AwoI9.js                                 [39m[1m[2m    0.55 kB[22m[1m[22m[2m │ gzip:   0.34 kB[22m
[2m../../../ODALIS~1/AppData/Local/Temp/chromatic--2792-3KeZ4zc68GYm/[22m[36massets/Row.stories-BZE36j2o.js                              [39m[1m[2m    0.56 kB[22m[1m[22m[2m │ gzip:   0.36 kB[22m
[2m../../../ODALIS~1/AppData/Local/Temp/chromatic--2792-3KeZ4zc68GYm/[22m[36massets/index-B7phoe5e.js                                    [39m[1m[2m    0.57 kB[22m[1m[22m[2m │ gzip:   0.34 kB[22m
[2m../../../ODALIS~1/AppData/Local/Temp/chromatic--2792-3KeZ4zc68GYm/[22m[36massets/index-DSxMjgYk.js                                    [39m[1m[2m    0.58 kB[22m[1m[22m[2m │ gzip:   0.35 kB[22m
[2m../../../ODALIS~1/AppData/Local/Temp/chromatic--2792-3KeZ4zc68GYm/[22m[36massets/Loading.stories-CtV9SsHs.js                          [39m[1m[2m    0.58 kB[22m[1m[22m[2m │ gzip:   0.37 kB[22m
[2m../../../ODALIS~1/AppData/Local/Temp/chromatic--2792-3KeZ4zc68GYm/[22m[36massets/ButtonContent.stories-tsaBLVOw.js                    [39m[1m[2m    0.60 kB[22m[1m[22m[2m │ gzip:   0.38 kB[22m
[2m../../../ODALIS~1/AppData/Local/Temp/chromatic--2792-3KeZ4zc68GYm/[22m[36massets/index-OmEDsgBY.js                                    [39m[1m[2m    0.63 kB[22m[1m[22m[2m │ gzip:   0.34 kB[22m
[2m../../../ODALIS~1/AppData/Local/Temp/chromatic--2792-3KeZ4zc68GYm/[22m[36massets/preview-B_0crF9I.js                                  [39m[1m[2m    0.64 kB[22m[1m[22m[2m │ gzip:   0.44 kB[22m
[2m../../../ODALIS~1/AppData/Local/Temp/chromatic--2792-3KeZ4zc68GYm/[22m[36massets/AnimationsNumber.stories-Befg9DJO.js                 [39m[1m[2m    0.64 kB[22m[1m[22m[2m │ gzip:   0.40 kB[22m
[2m../../../ODALIS~1/AppData/Local/Temp/chromatic--2792-3KeZ4zc68GYm/[22m[36massets/index-CoXI7PFH.js                                    [39m[1m[2m    0.64 kB[22m[1m[22m[2m │ gzip:   0.34 kB[22m
[2m../../../ODALIS~1/AppData/Local/Temp/chromatic--2792-3KeZ4zc68GYm/[22m[36massets/LoadingButton.stories-ClSfTBET.js                    [39m[1m[2m    0.65 kB[22m[1m[22m[2m │ gzip:   0.40 kB[22m
[2m../../../ODALIS~1/AppData/Local/Temp/chromatic--2792-3KeZ4zc68GYm/[22m[36massets/ProgressBar.stories-BEo207Ma.js                      [39m[1m[2m    0.66 kB[22m[1m[22m[2m │ gzip:   0.41 kB[22m
[2m../../../ODALIS~1/AppData/Local/Temp/chromatic--2792-3KeZ4zc68GYm/[22m[36massets/ErrorBoundary.stories-DwGTLAXy.js                    [39m[1m[2m    0.66 kB[22m[1m[22m[2m │ gzip:   0.41 kB[22m
[2m../../../ODALIS~1/AppData/Local/Temp/chromatic--2792-3KeZ4zc68GYm/[22m[36massets/NoScript.stories-CUOuPQBD.js                         [39m[1m[2m    0.66 kB[22m[1m[22m[2m │ gzip:   0.38 kB[22m
[2m../../../ODALIS~1/AppData/Local/Temp/chromatic--2792-3KeZ4zc68GYm/[22m[36massets/FlipCard.stories-D4wnKOSe.js                         [39m[1m[2m    0.68 kB[22m[1m[22m[2m │ gzip:   0.41 kB[22m
[2m../../../ODALIS~1/AppData/Local/Temp/chromatic--2792-3KeZ4zc68GYm/[22m[36massets/Column.stories-DktJKTBc.js                           [39m[1m[2m    0.69 kB[22m[1m[22m[2m │ gzip:   0.41 kB[22m
[2m../../../ODALIS~1/AppData/Local/Temp/chromatic--2792-3KeZ4zc68GYm/[22m[36massets/_commonjsHelpers-C4iS2aBk.js                         [39m[1m[2m    0.69 kB[22m[1m[22m[2m │ gzip:   0.38 kB[22m
[2m../../../ODALIS~1/AppData/Local/Temp/chromatic--2792-3KeZ4zc68GYm/[22m[36massets/MenuFloat.stories-C7EM5YAo.js                        [39m[1m[2m    0.72 kB[22m[1m[22m[2m │ gzip:   0.45 kB[22m
[2m../../../ODALIS~1/AppData/Local/Temp/chromatic--2792-3KeZ4zc68GYm/[22m[36massets/ResisesColumns.stories-CCnIJ7Cs.js                   [39m[1m[2m    0.72 kB[22m[1m[22m[2m │ gzip:   0.43 kB[22m
[2m../../../ODALIS~1/AppData/Local/Temp/chromatic--2792-3KeZ4zc68GYm/[22m[36massets/Overline.stories-ZgAfWSVb.js                         [39m[1m[2m    0.73 kB[22m[1m[22m[2m │ gzip:   0.46 kB[22m
[2m../../../ODALIS~1/AppData/Local/Temp/chromatic--2792-3KeZ4zc68GYm/[22m[36massets/DraggableContainer.stories-BcIHm4vO.js               [39m[1m[2m    0.73 kB[22m[1m[22m[2m │ gzip:   0.45 kB[22m
[2m../../../ODALIS~1/AppData/Local/Temp/chromatic--2792-3KeZ4zc68GYm/[22m[36massets/AlertBox.stories-Dj-P06Go.js                         [39m[1m[2m    0.73 kB[22m[1m[22m[2m │ gzip:   0.45 kB[22m
[2m../../../ODALIS~1/AppData/Local/Temp/chromatic--2792-3KeZ4zc68GYm/[22m[36massets/Image.stories-CtaqH7Gq.js                            [39m[1m[2m    0.73 kB[22m[1m[22m[2m │ gzip:   0.46 kB[22m
[2m../../../ODALIS~1/AppData/Local/Temp/chromatic--2792-3KeZ4zc68GYm/[22m[36massets/ContentQueryCard.stories-q4rR0Ym7.js                 [39m[1m[2m    0.74 kB[22m[1m[22m[2m │ gzip:   0.42 kB[22m
[2m../../../ODALIS~1/AppData/Local/Temp/chromatic--2792-3KeZ4zc68GYm/[22m[36massets/Skeleton.stories-BUsPhOeh.js                         [39m[1m[2m    0.75 kB[22m[1m[22m[2m │ gzip:   0.47 kB[22m
[2m../../../ODALIS~1/AppData/Local/Temp/chromatic--2792-3KeZ4zc68GYm/[22m[36massets/QuantityButton.stories-BEqI2-jm.js                   [39m[1m[2m    0.76 kB[22m[1m[22m[2m │ gzip:   0.46 kB[22m
[2m../../../ODALIS~1/AppData/Local/Temp/chromatic--2792-3KeZ4zc68GYm/[22m[36massets/tslib.es6-BF5GDGeg.js                                [39m[1m[2m    0.77 kB[22m[1m[22m[2m │ gzip:   0.43 kB[22m
[2m../../../ODALIS~1/AppData/Local/Temp/chromatic--2792-3KeZ4zc68GYm/[22m[36massets/index-DrFu-skq.js                                    [39m[1m[2m    0.77 kB[22m[1m[22m[2m │ gzip:   0.47 kB[22m
[2m../../../ODALIS~1/AppData/Local/Temp/chromatic--2792-3KeZ4zc68GYm/[22m[36massets/Steps.stories-DXPR0qij.js                            [39m[1m[2m    0.78 kB[22m[1m[22m[2m │ gzip:   0.44 kB[22m
[2m../../../ODALIS~1/AppData/Local/Temp/chromatic--2792-3KeZ4zc68GYm/[22m[36massets/InputPhone.stories-CgRLRKWs.js                       [39m[1m[2m    0.78 kB[22m[1m[22m[2m │ gzip:   0.48 kB[22m
[2m../../../ODALIS~1/AppData/Local/Temp/chromatic--2792-3KeZ4zc68GYm/[22m[36massets/CartDissert.stories-DiUHVJDV.js                      [39m[1m[2m    0.78 kB[22m[1m[22m[2m │ gzip:   0.47 kB[22m
[2m../../../ODALIS~1/AppData/Local/Temp/chromatic--2792-3KeZ4zc68GYm/[22m[36massets/preview-caHhZ1Bd.js                                  [39m[1m[2m    0.79 kB[22m[1m[22m[2m │ gzip:   0.46 kB[22m
[2m../../../ODALIS~1/AppData/Local/Temp/chromatic--2792-3KeZ4zc68GYm/[22m[36massets/Input.stories-CSQO5ikY.js                            [39m[1m[2m    0.80 kB[22m[1m[22m[2m │ gzip:   0.49 kB[22m
[2m../../../ODALIS~1/AppData/Local/Temp/chromatic--2792-3KeZ4zc68GYm/[22m[36massets/index-B3IC6ylx.js                                    [39m[1m[2m    0.81 kB[22m[1m[22m[2m │ gzip:   0.52 kB[22m
[2m../../../ODALIS~1/AppData/Local/Temp/chromatic--2792-3KeZ4zc68GYm/[22m[36massets/Ripple.stories-CO1W7MsS.js                           [39m[1m[2m    0.81 kB[22m[1m[22m[2m │ gzip:   0.47 kB[22m
[2m../../../ODALIS~1/AppData/Local/Temp/chromatic--2792-3KeZ4zc68GYm/[22m[36massets/ListItemDessert.stories-CtEAraTj.js                  [39m[1m[2m    0.81 kB[22m[1m[22m[2m │ gzip:   0.48 kB[22m
[2m../../../ODALIS~1/AppData/Local/Temp/chromatic--2792-3KeZ4zc68GYm/[22m[36massets/_commonjs-dynamic-modules-c29mFLwc.js                [39m[1m[2m    0.83 kB[22m[1m[22m[2m │ gzip:   0.47 kB[22m
[2m../../../ODALIS~1/AppData/Local/Temp/chromatic--2792-3KeZ4zc68GYm/[22m[36massets/index-Daagk5ZO.js                                    [39m[1m[2m    0.83 kB[22m[1m[22m[2m │ gzip:   0.41 kB[22m
[2m../../../ODALIS~1/AppData/Local/Temp/chromatic--2792-3KeZ4zc68GYm/[22m[36massets/index-DrTIMpa1.js                                    [39m[1m[2m    0.84 kB[22m[1m[22m[2m │ gzip:   0.45 kB[22m
[2m../../../ODALIS~1/AppData/Local/Temp/chromatic--2792-3KeZ4zc68GYm/[22m[36massets/AsideInfoStore.stories-DtasBMHw.js                   [39m[1m[2m    0.84 kB[22m[1m[22m[2m │ gzip:   0.50 kB[22m
[2m../../../ODALIS~1/AppData/Local/Temp/chromatic--2792-3KeZ4zc68GYm/[22m[36massets/index-DEiPFiJ1.js                                    [39m[1m[2m    0.84 kB[22m[1m[22m[2m │ gzip:   0.35 kB[22m
[2m../../../ODALIS~1/AppData/Local/Temp/chromatic--2792-3KeZ4zc68GYm/[22m[36massets/preview-Cv3rAi2i.js                                  [39m[1m[2m    0.86 kB[22m[1m[22m[2m │ gzip:   0.55 kB[22m
[2m../../../ODALIS~1/AppData/Local/Temp/chromatic--2792-3KeZ4zc68GYm/[22m[36massets/InputHooks.stories-YWID3JiZ.js                       [39m[1m[2m    0.87 kB[22m[1m[22m[2m │ gzip:   0.51 kB[22m
[2m../../../ODALIS~1/AppData/Local/Temp/chromatic--2792-3KeZ4zc68GYm/[22m[36massets/Draggable.stories-DaDqrHQ-.js                        [39m[1m[2m    0.87 kB[22m[1m[22m[2m │ gzip:   0.50 kB[22m
[2m../../../ODALIS~1/AppData/Local/Temp/chromatic--2792-3KeZ4zc68GYm/[22m[36massets/Column.stories-RD8eLNnF.js                           [39m[1m[2m    0.88 kB[22m[1m[22m[2m │ gzip:   0.49 kB[22m
[2m../../../ODALIS~1/AppData/Local/Temp/chromatic--2792-3KeZ4zc68GYm/[22m[36massets/index-BvrhFfaA.js                                    [39m[1m[2m    0.90 kB[22m[1m[22m[2m │ gzip:   0.46 kB[22m
[2m../../../ODALIS~1/AppData/Local/Temp/chromatic--2792-3KeZ4zc68GYm/[22m[36massets/InputImage.stories-DBIZJ4le.js                       [39m[1m[2m    0.91 kB[22m[1m[22m[2m │ gzip:   0.52 kB[22m
[2m../../../ODALIS~1/AppData/Local/Temp/chromatic--2792-3KeZ4zc68GYm/[22m[36massets/Marquee.stories-CiuHcaW3.js                          [39m[1m[2m    0.92 kB[22m[1m[22m[2m │ gzip:   0.53 kB[22m
[2m../../../ODALIS~1/AppData/Local/Temp/chromatic--2792-3KeZ4zc68GYm/[22m[36massets/CardProducts.stories-CTZyp0iD.js                     [39m[1m[2m    0.94 kB[22m[1m[22m[2m │ gzip:   0.53 kB[22m
[2m../../../ODALIS~1/AppData/Local/Temp/chromatic--2792-3KeZ4zc68GYm/[22m[36massets/Icon.stories-yRG4XDJ4.js                             [39m[1m[2m    0.96 kB[22m[1m[22m[2m │ gzip:   0.45 kB[22m
[2m../../../ODALIS~1/AppData/Local/Temp/chromatic--2792-3KeZ4zc68GYm/[22m[36massets/jsx-runtime-DI8_P1Ft.js                              [39m[1m[2m    0.97 kB[22m[1m[22m[2m │ gzip:   0.60 kB[22m
[2m../../../ODALIS~1/AppData/Local/Temp/chromatic--2792-3KeZ4zc68GYm/[22m[36massets/LocationName.stories-D8I2TOAL.js                     [39m[1m[2m    0.98 kB[22m[1m[22m[2m │ gzip:   0.54 kB[22m
[2m../../../ODALIS~1/AppData/Local/Temp/chromatic--2792-3KeZ4zc68GYm/[22m[36massets/index-Bp4VmTmA.js                                    [39m[1m[2m    1.01 kB[22m[1m[22m[2m │ gzip:   0.48 kB[22m
[2m../../../ODALIS~1/AppData/Local/Temp/chromatic--2792-3KeZ4zc68GYm/[22m[36massets/DaySelector.stories-C4_AGJCs.js                      [39m[1m[2m    1.01 kB[22m[1m[22m[2m │ gzip:   0.54 kB[22m
[2m../../../ODALIS~1/AppData/Local/Temp/chromatic--2792-3KeZ4zc68GYm/[22m[36massets/Link.stories-g_mK54xb.js                             [39m[1m[2m    1.03 kB[22m[1m[22m[2m │ gzip:   0.55 kB[22m
[2m../../../ODALIS~1/AppData/Local/Temp/chromatic--2792-3KeZ4zc68GYm/[22m[36massets/FlipCard.stories-U8wnb0np.js                         [39m[1m[2m    1.03 kB[22m[1m[22m[2m │ gzip:   0.51 kB[22m
[2m../../../ODALIS~1/AppData/Local/Temp/chromatic--2792-3KeZ4zc68GYm/[22m[36massets/Carrusel3d-DBB5Zpdd.js                               [39m[1m[2m    1.07 kB[22m[1m[22m[2m │ gzip:   0.57 kB[22m
[2m../../../ODALIS~1/AppData/Local/Temp/chromatic--2792-3KeZ4zc68GYm/[22m[36massets/index-BGQ0fQPX.js                                    [39m[1m[2m    1.08 kB[22m[1m[22m[2m │ gzip:   0.59 kB[22m
[2m../../../ODALIS~1/AppData/Local/Temp/chromatic--2792-3KeZ4zc68GYm/[22m[36massets/index-DTPUpRrX.js                                    [39m[1m[2m    1.09 kB[22m[1m[22m[2m │ gzip:   0.52 kB[22m
[2m../../../ODALIS~1/AppData/Local/Temp/chromatic--2792-3KeZ4zc68GYm/[22m[36massets/index-CEcSYNe0.js                                    [39m[1m[2m    1.10 kB[22m[1m[22m[2m │ gzip:   0.58 kB[22m
[2m../../../ODALIS~1/AppData/Local/Temp/chromatic--2792-3KeZ4zc68GYm/[22m[36massets/entry-preview-DA8qqhWP.js                            [39m[1m[2m    1.15 kB[22m[1m[22m[2m │ gzip:   0.67 kB[22m
[2m../../../ODALIS~1/AppData/Local/Temp/chromatic--2792-3KeZ4zc68GYm/[22m[36massets/Button.stories-DKCkrsN_.js                           [39m[1m[2m    1.15 kB[22m[1m[22m[2m │ gzip:   0.50 kB[22m
[2m../../../ODALIS~1/AppData/Local/Temp/chromatic--2792-3KeZ4zc68GYm/[22m[36massets/index-BiU8UaDL.js                                    [39m[1m[2m    1.17 kB[22m[1m[22m[2m │ gzip:   0.55 kB[22m
[2m../../../ODALIS~1/AppData/Local/Temp/chromatic--2792-3KeZ4zc68GYm/[22m[36massets/index-scbfCFkw.js                                    [39m[1m[2m    1.23 kB[22m[1m[22m[2m │ gzip:   0.71 kB[22m
[2m../../../ODALIS~1/AppData/Local/Temp/chromatic--2792-3KeZ4zc68GYm/[22m[36massets/DateRange.stories-DSWzlgG_.js                        [39m[1m[2m    1.24 kB[22m[1m[22m[2m │ gzip:   0.61 kB[22m
[2m../../../ODALIS~1/AppData/Local/Temp/chromatic--2792-3KeZ4zc68GYm/[22m[36massets/Acordion.stories-DSA5Cm6y.js                         [39m[1m[2m    1.27 kB[22m[1m[22m[2m │ gzip:   0.71 kB[22m
[2m../../../ODALIS~1/AppData/Local/Temp/chromatic--2792-3KeZ4zc68GYm/[22m[36massets/Toast.stories-BZdtBoUx.js                            [39m[1m[2m    1.28 kB[22m[1m[22m[2m │ gzip:   0.55 kB[22m
[2m../../../ODALIS~1/AppData/Local/Temp/chromatic--2792-3KeZ4zc68GYm/[22m[36massets/Carrusel.stories-DO0xOyMm.js                         [39m[1m[2m    1.28 kB[22m[1m[22m[2m │ gzip:   0.65 kB[22m
[2m../../../ODALIS~1/AppData/Local/Temp/chromatic--2792-3KeZ4zc68GYm/[22m[36massets/index-BbsIFNfG.js                                    [39m[1m[2m    1.30 kB[22m[1m[22m[2m │ gzip:   0.62 kB[22m
[2m../../../ODALIS~1/AppData/Local/Temp/chromatic--2792-3KeZ4zc68GYm/[22m[36massets/Tooltip.stories-tToBQDi7.js                          [39m[1m[2m    1.43 kB[22m[1m[22m[2m │ gzip:   0.57 kB[22m
[2m../../../ODALIS~1/AppData/Local/Temp/chromatic--2792-3KeZ4zc68GYm/[22m[36massets/ActiveLink.stories-7ua34BvY.js                       [39m[1m[2m    1.46 kB[22m[1m[22m[2m │ gzip:   0.66 kB[22m
[2m../../../ODALIS~1/AppData/Local/Temp/chromatic--2792-3KeZ4zc68GYm/[22m[36massets/Maintenance.stories-Ot8CPSsg.js                      [39m[1m[2m    1.50 kB[22m[1m[22m[2m │ gzip:   0.70 kB[22m
[2m../../../ODALIS~1/AppData/Local/Temp/chromatic--2792-3KeZ4zc68GYm/[22m[36massets/use-intersection-BigaMEX4.js                         [39m[1m[2m    1.51 kB[22m[1m[22m[2m │ gzip:   0.80 kB[22m
[2m../../../ODALIS~1/AppData/Local/Temp/chromatic--2792-3KeZ4zc68GYm/[22m[36massets/index-BazRt-v6.js                                    [39m[1m[2m    1.55 kB[22m[1m[22m[2m │ gzip:   0.70 kB[22m
[2m../../../ODALIS~1/AppData/Local/Temp/chromatic--2792-3KeZ4zc68GYm/[22m[36massets/AlertInfo.stories-C0hMSYi9.js                        [39m[1m[2m    1.57 kB[22m[1m[22m[2m │ gzip:   0.60 kB[22m
[2m../../../ODALIS~1/AppData/Local/Temp/chromatic--2792-3KeZ4zc68GYm/[22m[36massets/CardOrder.stories-CNHr8QBH.js                        [39m[1m[2m    1.59 kB[22m[1m[22m[2m │ gzip:   0.70 kB[22m
[2m../../../ODALIS~1/AppData/Local/Temp/chromatic--2792-3KeZ4zc68GYm/[22m[36massets/index-CIjh_EDQ.js                                    [39m[1m[2m    1.62 kB[22m[1m[22m[2m │ gzip:   0.90 kB[22m
[2m../../../ODALIS~1/AppData/Local/Temp/chromatic--2792-3KeZ4zc68GYm/[22m[36massets/AnimatedSvgComponent.stories-DlemxbRP.js             [39m[1m[2m    1.62 kB[22m[1m[22m[2m │ gzip:   0.72 kB[22m
[2m../../../ODALIS~1/AppData/Local/Temp/chromatic--2792-3KeZ4zc68GYm/[22m[36massets/Rate.stories-CC41tTnY.js                             [39m[1m[2m    1.66 kB[22m[1m[22m[2m │ gzip:   0.65 kB[22m
[2m../../../ODALIS~1/AppData/Local/Temp/chromatic--2792-3KeZ4zc68GYm/[22m[36massets/index-DuIGVyw3.js                                    [39m[1m[2m    1.66 kB[22m[1m[22m[2m │ gzip:   0.64 kB[22m
[2m../../../ODALIS~1/AppData/Local/Temp/chromatic--2792-3KeZ4zc68GYm/[22m[36massets/Checkbox.stories-C-WvGRuS.js                         [39m[1m[2m    1.71 kB[22m[1m[22m[2m │ gzip:   0.64 kB[22m
[2m../../../ODALIS~1/AppData/Local/Temp/chromatic--2792-3KeZ4zc68GYm/[22m[36massets/CreditMobilLayout.stories-CBTQa4LC.js                [39m[1m[2m    1.71 kB[22m[1m[22m[2m │ gzip:   0.76 kB[22m
[2m../../../ODALIS~1/AppData/Local/Temp/chromatic--2792-3KeZ4zc68GYm/[22m[36massets/Paragraph.stories-hpOwsE78.js                        [39m[1m[2m    1.71 kB[22m[1m[22m[2m │ gzip:   0.67 kB[22m
[2m../../../ODALIS~1/AppData/Local/Temp/chromatic--2792-3KeZ4zc68GYm/[22m[36massets/InputTags.stories-B8wA-4R_.js                        [39m[1m[2m    1.74 kB[22m[1m[22m[2m │ gzip:   0.80 kB[22m
[2m../../../ODALIS~1/AppData/Local/Temp/chromatic--2792-3KeZ4zc68GYm/[22m[36massets/AwesomeModal.stories-DLwo0H4h.js                     [39m[1m[2m    1.76 kB[22m[1m[22m[2m │ gzip:   0.80 kB[22m
[2m../../../ODALIS~1/AppData/Local/Temp/chromatic--2792-3KeZ4zc68GYm/[22m[36massets/HeaderSteps.stories-BQ4GaBQP.js                      [39m[1m[2m    1.76 kB[22m[1m[22m[2m │ gzip:   0.81 kB[22m
[2m../../../ODALIS~1/AppData/Local/Temp/chromatic--2792-3KeZ4zc68GYm/[22m[36massets/index-BperApHE.js                                    [39m[1m[2m    1.76 kB[22m[1m[22m[2m │ gzip:   0.71 kB[22m
[2m../../../ODALIS~1/AppData/Local/Temp/chromatic--2792-3KeZ4zc68GYm/[22m[36massets/index-CU9ER8A5.js                                    [39m[1m[2m    1.79 kB[22m[1m[22m[2m │ gzip:   0.89 kB[22m
[2m../../../ODALIS~1/AppData/Local/Temp/chromatic--2792-3KeZ4zc68GYm/[22m[36massets/CardProductSimple.stories-DnU4ysAW.js                [39m[1m[2m    1.81 kB[22m[1m[22m[2m │ gzip:   0.81 kB[22m
[2m../../../ODALIS~1/AppData/Local/Temp/chromatic--2792-3KeZ4zc68GYm/[22m[36massets/index-B2-uBGmZ.js                                    [39m[1m[2m    1.83 kB[22m[1m[22m[2m │ gzip:   0.80 kB[22m
[2m../../../ODALIS~1/AppData/Local/Temp/chromatic--2792-3KeZ4zc68GYm/[22m[36massets/index-C2ZOLtdz.js                                    [39m[1m[2m    1.84 kB[22m[1m[22m[2m │ gzip:   0.81 kB[22m
[2m../../../ODALIS~1/AppData/Local/Temp/chromatic--2792-3KeZ4zc68GYm/[22m[36massets/Charts.stories-B8Jtwoz8.js                           [39m[1m[2m    1.87 kB[22m[1m[22m[2m │ gzip:   0.75 kB[22m
[2m../../../ODALIS~1/AppData/Local/Temp/chromatic--2792-3KeZ4zc68GYm/[22m[36massets/index-3NUpt0LR.js                                    [39m[1m[2m    1.87 kB[22m[1m[22m[2m │ gzip:   0.92 kB[22m
[2m../../../ODALIS~1/AppData/Local/Temp/chromatic--2792-3KeZ4zc68GYm/[22m[36massets/MemoModalDetailOrder.stories-DLVixwKH.js             [39m[1m[2m    1.98 kB[22m[1m[22m[2m │ gzip:   0.86 kB[22m
[2m../../../ODALIS~1/AppData/Local/Temp/chromatic--2792-3KeZ4zc68GYm/[22m[36massets/index-CDs-0jJ9.js                                    [39m[1m[2m    2.00 kB[22m[1m[22m[2m │ gzip:   0.75 kB[22m
[2m../../../ODALIS~1/AppData/Local/Temp/chromatic--2792-3KeZ4zc68GYm/[22m[36massets/index-DgJ0QmxL.js                                    [39m[1m[2m    2.05 kB[22m[1m[22m[2m │ gzip:   0.82 kB[22m
[2m../../../ODALIS~1/AppData/Local/Temp/chromatic--2792-3KeZ4zc68GYm/[22m[36massets/Text.stories-DwPRqipO.js                             [39m[1m[2m    2.12 kB[22m[1m[22m[2m │ gzip:   0.80 kB[22m
[2m../../../ODALIS~1/AppData/Local/Temp/chromatic--2792-3KeZ4zc68GYm/[22m[36massets/index-C-73uXbr.js                                    [39m[1m[2m    2.16 kB[22m[1m[22m[2m │ gzip:   1.00 kB[22m
[2m../../../ODALIS~1/AppData/Local/Temp/chromatic--2792-3KeZ4zc68GYm/[22m[36massets/index-CCiAL1h3.js                                    [39m[1m[2m    2.18 kB[22m[1m[22m[2m │ gzip:   0.89 kB[22m
[2m../../../ODALIS~1/AppData/Local/Temp/chromatic--2792-3KeZ4zc68GYm/[22m[36massets/index-CmpceiV9.js                                    [39m[1m[2m    2.21 kB[22m[1m[22m[2m │ gzip:   0.82 kB[22m
[2m../../../ODALIS~1/AppData/Local/Temp/chromatic--2792-3KeZ4zc68GYm/[22m[36massets/index-Ck8xQAsS.js                                    [39m[1m[2m    2.30 kB[22m[1m[22m[2m │ gzip:   0.91 kB[22m
[2m../../../ODALIS~1/AppData/Local/Temp/chromatic--2792-3KeZ4zc68GYm/[22m[36massets/index-D-dsD9vT.js                                    [39m[1m[2m    2.31 kB[22m[1m[22m[2m │ gzip:   0.83 kB[22m
[2m../../../ODALIS~1/AppData/Local/Temp/chromatic--2792-3KeZ4zc68GYm/[22m[36massets/Bill.stories-_vO9iBZN.js                             [39m[1m[2m    2.36 kB[22m[1m[22m[2m │ gzip:   0.93 kB[22m
[2m../../../ODALIS~1/AppData/Local/Temp/chromatic--2792-3KeZ4zc68GYm/[22m[36massets/index-DDhiIGzI.js                                    [39m[1m[2m    2.37 kB[22m[1m[22m[2m │ gzip:   0.90 kB[22m
[2m../../../ODALIS~1/AppData/Local/Temp/chromatic--2792-3KeZ4zc68GYm/[22m[36massets/Orders.stories-BeEwqIP9.js                           [39m[1m[2m    2.44 kB[22m[1m[22m[2m │ gzip:   0.98 kB[22m
[2m../../../ODALIS~1/AppData/Local/Temp/chromatic--2792-3KeZ4zc68GYm/[22m[36massets/LateralStoreInfo.stories-CmhIyKDa.js                 [39m[1m[2m    2.49 kB[22m[1m[22m[2m │ gzip:   1.03 kB[22m
[2m../../../ODALIS~1/AppData/Local/Temp/chromatic--2792-3KeZ4zc68GYm/[22m[36massets/Home.stories-DgFw6TGl.js                             [39m[1m[2m    2.49 kB[22m[1m[22m[2m │ gzip:   1.02 kB[22m
[2m../../../ODALIS~1/AppData/Local/Temp/chromatic--2792-3KeZ4zc68GYm/[22m[36massets/index-Bw8VTzHM.js                                    [39m[1m[2m    2.59 kB[22m[1m[22m[2m │ gzip:   1.26 kB[22m
[2m../../../ODALIS~1/AppData/Local/Temp/chromatic--2792-3KeZ4zc68GYm/[22m[36massets/index-Z31kywxX.js                                    [39m[1m[2m    2.60 kB[22m[1m[22m[2m │ gzip:   0.95 kB[22m
[2m../../../ODALIS~1/AppData/Local/Temp/chromatic--2792-3KeZ4zc68GYm/[22m[36massets/index-DzG_YAXo.js                                    [39m[1m[2m    2.82 kB[22m[1m[22m[2m │ gzip:   1.10 kB[22m
[2m../../../ODALIS~1/AppData/Local/Temp/chromatic--2792-3KeZ4zc68GYm/[22m[36massets/SignedContract.stories-BfwbUkJA.js                   [39m[1m[2m    2.90 kB[22m[1m[22m[2m │ gzip:   1.27 kB[22m
[2m../../../ODALIS~1/AppData/Local/Temp/chromatic--2792-3KeZ4zc68GYm/[22m[36massets/Home.stories-hfdVD5Gr.js                             [39m[1m[2m    2.90 kB[22m[1m[22m[2m │ gzip:   1.23 kB[22m
[2m../../../ODALIS~1/AppData/Local/Temp/chromatic--2792-3KeZ4zc68GYm/[22m[36massets/Slider.stories-D12UFrbK.js                           [39m[1m[2m    2.92 kB[22m[1m[22m[2m │ gzip:   0.65 kB[22m
[2m../../../ODALIS~1/AppData/Local/Temp/chromatic--2792-3KeZ4zc68GYm/[22m[36massets/router-pQJNcUoK.js                                   [39m[1m[2m    2.97 kB[22m[1m[22m[2m │ gzip:   1.23 kB[22m
[2m../../../ODALIS~1/AppData/Local/Temp/chromatic--2792-3KeZ4zc68GYm/[22m[36massets/preview-BcxrGG1y.js                                  [39m[1m[2m    3.19 kB[22m[1m[22m[2m │ gzip:   1.37 kB[22m
[2m../../../ODALIS~1/AppData/Local/Temp/chromatic--2792-3KeZ4zc68GYm/[22m[36massets/index-pGaNWW0o.js                                    [39m[1m[2m    3.21 kB[22m[1m[22m[2m │ gzip:   1.28 kB[22m
[2m../../../ODALIS~1/AppData/Local/Temp/chromatic--2792-3KeZ4zc68GYm/[22m[36massets/Pagination.stories-DU1kH14C.js                       [39m[1m[2m    3.25 kB[22m[1m[22m[2m │ gzip:   1.18 kB[22m
[2m../../../ODALIS~1/AppData/Local/Temp/chromatic--2792-3KeZ4zc68GYm/[22m[36massets/index-DkuGyRe_.js                                    [39m[1m[2m    3.26 kB[22m[1m[22m[2m │ gzip:   1.18 kB[22m
[2m../../../ODALIS~1/AppData/Local/Temp/chromatic--2792-3KeZ4zc68GYm/[22m[36massets/index-CoQ8oC9_.js                                    [39m[1m[2m    3.32 kB[22m[1m[22m[2m │ gzip:   1.08 kB[22m
[2m../../../ODALIS~1/AppData/Local/Temp/chromatic--2792-3KeZ4zc68GYm/[22m[36massets/TeamRegister.stories-C4h6Tq1f.js                     [39m[1m[2m    3.34 kB[22m[1m[22m[2m │ gzip:   1.43 kB[22m
[2m../../../ODALIS~1/AppData/Local/Temp/chromatic--2792-3KeZ4zc68GYm/[22m[36massets/index-BlA7VzH7.js                                    [39m[1m[2m    3.50 kB[22m[1m[22m[2m │ gzip:   1.17 kB[22m
[2m../../../ODALIS~1/AppData/Local/Temp/chromatic--2792-3KeZ4zc68GYm/[22m[36massets/index-6iV1_9JG.js                                    [39m[1m[2m    3.62 kB[22m[1m[22m[2m │ gzip:   1.60 kB[22m
[2m../../../ODALIS~1/AppData/Local/Temp/chromatic--2792-3KeZ4zc68GYm/[22m[36massets/DropdownMenu.stories-CCCkifTz.js                     [39m[1m[2m    3.73 kB[22m[1m[22m[2m │ gzip:   1.35 kB[22m
[2m../../../ODALIS~1/AppData/Local/Temp/chromatic--2792-3KeZ4zc68GYm/[22m[36massets/ScheduleLinearWeekly.stories-BeGA5sTH.js             [39m[1m[2m    3.73 kB[22m[1m[22m[2m │ gzip:   1.35 kB[22m
[2m../../../ODALIS~1/AppData/Local/Temp/chromatic--2792-3KeZ4zc68GYm/[22m[36massets/CreateExtraWithPrice.stories-BQ4dOsLi.js             [39m[1m[2m    3.86 kB[22m[1m[22m[2m │ gzip:   1.51 kB[22m
[2m../../../ODALIS~1/AppData/Local/Temp/chromatic--2792-3KeZ4zc68GYm/[22m[36massets/Header.stories-CQFQBrR_.js                           [39m[1m[2m    3.96 kB[22m[1m[22m[2m │ gzip:   1.57 kB[22m
[2m../../../ODALIS~1/AppData/Local/Temp/chromatic--2792-3KeZ4zc68GYm/[22m[36massets/index-CqEQFk9x.js                                    [39m[1m[2m    4.02 kB[22m[1m[22m[2m │ gzip:   1.52 kB[22m
[2m../../../ODALIS~1/AppData/Local/Temp/chromatic--2792-3KeZ4zc68GYm/[22m[36massets/Aside.stories-C_NExHx6.js                            [39m[1m[2m    4.20 kB[22m[1m[22m[2m │ gzip:   1.60 kB[22m
[2m../../../ODALIS~1/AppData/Local/Temp/chromatic--2792-3KeZ4zc68GYm/[22m[36massets/index-DCQJ1Mhm.js                                    [39m[1m[2m    4.31 kB[22m[1m[22m[2m │ gzip:   1.59 kB[22m
[2m../../../ODALIS~1/AppData/Local/Temp/chromatic--2792-3KeZ4zc68GYm/[22m[36massets/Checkbox.stories-DPdL8UnU.js                         [39m[1m[2m    4.42 kB[22m[1m[22m[2m │ gzip:   1.57 kB[22m
[2m../../../ODALIS~1/AppData/Local/Temp/chromatic--2792-3KeZ4zc68GYm/[22m[36massets/index-UTFqNKN-.js                                    [39m[1m[2m    4.47 kB[22m[1m[22m[2m │ gzip:   1.41 kB[22m
[2m../../../ODALIS~1/AppData/Local/Temp/chromatic--2792-3KeZ4zc68GYm/[22m[36massets/index-DPfcXf5G.js                                    [39m[1m[2m    5.04 kB[22m[1m[22m[2m │ gzip:   1.48 kB[22m
[2m../../../ODALIS~1/AppData/Local/Temp/chromatic--2792-3KeZ4zc68GYm/[22m[36massets/index-DpedGZ19.js                                    [39m[1m[2m    5.05 kB[22m[1m[22m[2m │ gzip:   2.08 kB[22m
[2m../../../ODALIS~1/AppData/Local/Temp/chromatic--2792-3KeZ4zc68GYm/[22m[36massets/index-BCkBgxoQ.js                                    [39m[1m[2m    5.12 kB[22m[1m[22m[2m │ gzip:   1.91 kB[22m
[2m../../../ODALIS~1/AppData/Local/Temp/chromatic--2792-3KeZ4zc68GYm/[22m[36massets/link-B5326XFw.js                                     [39m[1m[2m    5.18 kB[22m[1m[22m[2m │ gzip:   2.05 kB[22m
[2m../../../ODALIS~1/AppData/Local/Temp/chromatic--2792-3KeZ4zc68GYm/[22m[36massets/preview-D8VCGkL0.js                                  [39m[1m[2m    5.23 kB[22m[1m[22m[2m │ gzip:   2.39 kB[22m
[2m../../../ODALIS~1/AppData/Local/Temp/chromatic--2792-3KeZ4zc68GYm/[22m[36massets/index-tU0R1bfM.js                                    [39m[1m[2m    5.53 kB[22m[1m[22m[2m │ gzip:   1.77 kB[22m
[2m../../../ODALIS~1/AppData/Local/Temp/chromatic--2792-3KeZ4zc68GYm/[22m[36massets/utils-D5IJ2A55.js                                    [39m[1m[2m    5.65 kB[22m[1m[22m[2m │ gzip:   2.26 kB[22m
[2m../../../ODALIS~1/AppData/Local/Temp/chromatic--2792-3KeZ4zc68GYm/[22m[36massets/index-CxaSJZSK.js                                    [39m[1m[2m    5.75 kB[22m[1m[22m[2m │ gzip:   1.83 kB[22m
[2m../../../ODALIS~1/AppData/Local/Temp/chromatic--2792-3KeZ4zc68GYm/[22m[36massets/CreditApplication.stories-jN2CYO6K.js                [39m[1m[2m    5.90 kB[22m[1m[22m[2m │ gzip:   2.49 kB[22m
[2m../../../ODALIS~1/AppData/Local/Temp/chromatic--2792-3KeZ4zc68GYm/[22m[36massets/index-DUP5QPQv.js                                    [39m[1m[2m    6.47 kB[22m[1m[22m[2m │ gzip:   2.41 kB[22m
[2m../../../ODALIS~1/AppData/Local/Temp/chromatic--2792-3KeZ4zc68GYm/[22m[36massets/ProductCheckout.stories-DMKIUNuu.js                  [39m[1m[2m    6.53 kB[22m[1m[22m[2m │ gzip:   2.31 kB[22m
[2m../../../ODALIS~1/AppData/Local/Temp/chromatic--2792-3KeZ4zc68GYm/[22m[36massets/index-DVGXaJdU.js                                    [39m[1m[2m    6.55 kB[22m[1m[22m[2m │ gzip:   1.79 kB[22m
[2m../../../ODALIS~1/AppData/Local/Temp/chromatic--2792-3KeZ4zc68GYm/[22m[36massets/index-DZxhilrD.js                                    [39m[1m[2m    6.61 kB[22m[1m[22m[2m │ gzip:   2.45 kB[22m
[2m../../../ODALIS~1/AppData/Local/Temp/chromatic--2792-3KeZ4zc68GYm/[22m[36massets/index-CHj4kU1t.js                                    [39m[1m[2m    6.70 kB[22m[1m[22m[2m │ gzip:   1.47 kB[22m
[2m../../../ODALIS~1/AppData/Local/Temp/chromatic--2792-3KeZ4zc68GYm/[22m[36massets/index-DPzuYzxM.js                                    [39m[1m[2m    7.16 kB[22m[1m[22m[2m │ gzip:   2.91 kB[22m
[2m../../../ODALIS~1/AppData/Local/Temp/chromatic--2792-3KeZ4zc68GYm/[22m[36massets/preview-BAz7FMXc.js                                  [39m[1m[2m    7.62 kB[22m[1m[22m[2m │ gzip:   1.56 kB[22m
[2m../../../ODALIS~1/AppData/Local/Temp/chromatic--2792-3KeZ4zc68GYm/[22m[36massets/preview-Db4Idchh.js                                  [39m[1m[2m    8.11 kB[22m[1m[22m[2m │ gzip:   3.08 kB[22m
[2m../../../ODALIS~1/AppData/Local/Temp/chromatic--2792-3KeZ4zc68GYm/[22m[36massets/index-BGGYY3c3.js                                    [39m[1m[2m    8.14 kB[22m[1m[22m[2m │ gzip:   1.96 kB[22m
[2m../../../ODALIS~1/AppData/Local/Temp/chromatic--2792-3KeZ4zc68GYm/[22m[36massets/index-IkbvFkD4.js                                    [39m[1m[2m    8.93 kB[22m[1m[22m[2m │ gzip:   2.51 kB[22m
[2m../../../ODALIS~1/AppData/Local/Temp/chromatic--2792-3KeZ4zc68GYm/[22m[36massets/index-BplelWKg.js                                    [39m[1m[2m    9.69 kB[22m[1m[22m[2m │ gzip:   2.42 kB[22m
[2m../../../ODALIS~1/AppData/Local/Temp/chromatic--2792-3KeZ4zc68GYm/[22m[36massets/TermsAndCondition.stories-upriib68.js                [39m[1m[2m    9.99 kB[22m[1m[22m[2m │ gzip:   2.94 kB[22m
[2m../../../ODALIS~1/AppData/Local/Temp/chromatic--2792-3KeZ4zc68GYm/[22m[36massets/index-indrjVCr.js                                    [39m[1m[2m   10.21 kB[22m[1m[22m[2m │ gzip:   4.02 kB[22m
[2m../../../ODALIS~1/AppData/Local/Temp/chromatic--2792-3KeZ4zc68GYm/[22m[36massets/image-DfgIb6x4.js                                    [39m[1m[2m   13.08 kB[22m[1m[22m[2m │ gzip:   5.33 kB[22m
[2m../../../ODALIS~1/AppData/Local/Temp/chromatic--2792-3KeZ4zc68GYm/[22m[36massets/index-CKXZ0c1L.js                                    [39m[1m[2m   15.46 kB[22m[1m[22m[2m │ gzip:   4.00 kB[22m
[2m../../../ODALIS~1/AppData/Local/Temp/chromatic--2792-3KeZ4zc68GYm/[22m[36massets/index-c2KRdWlT.js                                    [39m[1m[2m   15.73 kB[22m[1m[22m[2m │ gzip:   3.45 kB[22m
[2m../../../ODALIS~1/AppData/Local/Temp/chromatic--2792-3KeZ4zc68GYm/[22m[36massets/InputHooks-4WUCFFW9.js                               [39m[1m[2m   16.65 kB[22m[1m[22m[2m │ gzip:   4.19 kB[22m
[2m../../../ODALIS~1/AppData/Local/Temp/chromatic--2792-3KeZ4zc68GYm/[22m[36massets/_baseIteratee-goBjEgV6.js                            [39m[1m[2m   17.37 kB[22m[1m[22m[2m │ gzip:   7.13 kB[22m
[2m../../../ODALIS~1/AppData/Local/Temp/chromatic--2792-3KeZ4zc68GYm/[22m[36massets/Modal.stories-C8XsP_9B.js                            [39m[1m[2m   17.93 kB[22m[1m[22m[2m │ gzip:   4.21 kB[22m
[2m../../../ODALIS~1/AppData/Local/Temp/chromatic--2792-3KeZ4zc68GYm/[22m[36massets/index-B1ytmlvQ.js                                    [39m[1m[2m   19.61 kB[22m[1m[22m[2m │ gzip:   4.42 kB[22m
[2m../../../ODALIS~1/AppData/Local/Temp/chromatic--2792-3KeZ4zc68GYm/[22m[36massets/index-B4ZYcO8N.js                                    [39m[1m[2m   22.28 kB[22m[1m[22m[2m │ gzip:   7.18 kB[22m
[2m../../../ODALIS~1/AppData/Local/Temp/chromatic--2792-3KeZ4zc68GYm/[22m[36massets/index-BQZrZ615.js                                    [39m[1m[2m   24.83 kB[22m[1m[22m[2m │ gzip:   4.39 kB[22m
[2m../../../ODALIS~1/AppData/Local/Temp/chromatic--2792-3KeZ4zc68GYm/[22m[36massets/styled-components.browser.esm-CLTG7J5x.js            [39m[1m[2m   25.56 kB[22m[1m[22m[2m │ gzip:   9.92 kB[22m
[2m../../../ODALIS~1/AppData/Local/Temp/chromatic--2792-3KeZ4zc68GYm/[22m[36massets/iframe-Ch9KNcFD.js                                   [39m[1m[2m   27.48 kB[22m[1m[22m[2m │ gzip:   6.44 kB[22m
[2m../../../ODALIS~1/AppData/Local/Temp/chromatic--2792-3KeZ4zc68GYm/[22m[36massets/index-DdoPWoG0.js                                    [39m[1m[2m   28.15 kB[22m[1m[22m[2m │ gzip:   5.42 kB[22m
[2m../../../ODALIS~1/AppData/Local/Temp/chromatic--2792-3KeZ4zc68GYm/[22m[36massets/Color-6VNJS4EI-BxX-Nezg.js                           [39m[1m[2m   31.12 kB[22m[1m[22m[2m │ gzip:  11.70 kB[22m
[2m../../../ODALIS~1/AppData/Local/Temp/chromatic--2792-3KeZ4zc68GYm/[22m[36massets/index-BT_gM0Ba.js                                    [39m[1m[2m   32.10 kB[22m[1m[22m[2m │ gzip:   7.61 kB[22m
[2m../../../ODALIS~1/AppData/Local/Temp/chromatic--2792-3KeZ4zc68GYm/[22m[36massets/router-Dr3MF1HQ.js                                   [39m[1m[2m   58.46 kB[22m[1m[22m[2m │ gzip:  19.60 kB[22m
[2m../../../ODALIS~1/AppData/Local/Temp/chromatic--2792-3KeZ4zc68GYm/[22m[36massets/_getPrototype-C6fF5Upg.js                            [39m[1m[2m   61.01 kB[22m[1m[22m[2m │ gzip:  16.26 kB[22m
[2m../../../ODALIS~1/AppData/Local/Temp/chromatic--2792-3KeZ4zc68GYm/[22m[36massets/index-RGaBZlDs.js                                    [39m[1m[2m   61.51 kB[22m[1m[22m[2m │ gzip:  16.89 kB[22m
[2m../../../ODALIS~1/AppData/Local/Temp/chromatic--2792-3KeZ4zc68GYm/[22m[36massets/index-vbbai_p0.js                                    [39m[1m[2m   70.43 kB[22m[1m[22m[2m │ gzip:  22.75 kB[22m
[2m../../../ODALIS~1/AppData/Local/Temp/chromatic--2792-3KeZ4zc68GYm/[22m[36massets/preview-hf1QwCMo.js                                  [39m[1m[2m   72.07 kB[22m[1m[22m[2m │ gzip:  24.33 kB[22m
[2m../../../ODALIS~1/AppData/Local/Temp/chromatic--2792-3KeZ4zc68GYm/[22m[36massets/index-HSPMi2dH.js                                    [39m[1m[2m   80.09 kB[22m[1m[22m[2m │ gzip:  12.46 kB[22m
[2m../../../ODALIS~1/AppData/Local/Temp/chromatic--2792-3KeZ4zc68GYm/[22m[36massets/index-Baqi1uFv.js                                    [39m[1m[2m   97.24 kB[22m[1m[22m[2m │ gzip:  29.11 kB[22m
[2m../../../ODALIS~1/AppData/Local/Temp/chromatic--2792-3KeZ4zc68GYm/[22m[36massets/index-9lKuAtxr.js                                    [39m[1m[2m  100.89 kB[22m[1m[22m[2m │ gzip:  33.96 kB[22m
[2m../../../ODALIS~1/AppData/Local/Temp/chromatic--2792-3KeZ4zc68GYm/[22m[36massets/index-TjzDTrAV.js                                    [39m[1m[2m  134.05 kB[22m[1m[22m[2m │ gzip:  43.20 kB[22m
[2m../../../ODALIS~1/AppData/Local/Temp/chromatic--2792-3KeZ4zc68GYm/[22m[36massets/entry-preview-docs-8P0_b4BN.js                       [39m[1m[2m  212.47 kB[22m[1m[22m[2m │ gzip:  65.88 kB[22m
[2m../../../ODALIS~1/AppData/Local/Temp/chromatic--2792-3KeZ4zc68GYm/[22m[36massets/index-BUvopmGt.js                                    [39m[1m[2m  250.19 kB[22m[1m[22m[2m │ gzip:  77.25 kB[22m
[2m../../../ODALIS~1/AppData/Local/Temp/chromatic--2792-3KeZ4zc68GYm/[22m[36massets/index-B5iJEZpT.js                                    [39m[1m[2m  308.57 kB[22m[1m[22m[2m │ gzip:  76.91 kB[22m
[2m../../../ODALIS~1/AppData/Local/Temp/chromatic--2792-3KeZ4zc68GYm/[22m[36massets/index-Ca65Hgi5.js                                    [39m[1m[2m  414.19 kB[22m[1m[22m[2m │ gzip:  80.60 kB[22m
[2m../../../ODALIS~1/AppData/Local/Temp/chromatic--2792-3KeZ4zc68GYm/[22m[36massets/DocsRenderer-NNNQARDV--uWAvsEe.js                    [39m[1m[33m  537.92 kB[39m[22m[2m │ gzip: 175.60 kB[22m
[2m../../../ODALIS~1/AppData/Local/Temp/chromatic--2792-3KeZ4zc68GYm/[22m[36massets/formatter-SWP5E3XI-D28b5VOF.js                       [39m[1m[33m  601.68 kB[39m[22m[2m │ gzip: 185.05 kB[22m
[2m../../../ODALIS~1/AppData/Local/Temp/chromatic--2792-3KeZ4zc68GYm/[22m[36massets/PdfSalesInvoice.stories-CxDyD2xX.js                  [39m[1m[33m1,353.27 kB[39m[22m[2m │ gzip: 439.73 kB[22m
[33m
(!) Some chunks are larger than 500 kB after minification. Consider:
- Using dynamic import() to code-split the application
- Use build.rollupOptions.output.manualChunks to improve chunking: https://rollupjs.org/configuration-options/#output-manualchunks
- Adjust chunk size limit for this warning via build.chunkSizeWarningLimit.[39m
[32m✓ built in 1m 14s[39m
info => Preview built (1.5 min)
info => Output directory: C:\Users\ODALIS~1\AppData\Local\Temp\chromatic--2792-3KeZ4zc68GYm
